<?xml version="1.0" encoding="UTF-8"?>
<!-- Generated by org.testng.reporters.JUnitXMLReporter -->
<testsuite hostname="DESKTOP-UA9EHV9" failures="0" tests="4" name="Default test" time="20.312" errors="0" timestamp="24 Feb 2022 04:37:38 GMT">
  <testcase classname="Academy.ValidateTitle" name="basePageNavigation" time="0.091"/>
  <testcase classname="Academy.HomePage" name="basePageNavigation" time="6.341"/>
  <testcase classname="Academy.HomePage" name="basePageNavigation" time="2.078"/>
  <testcase classname="Academy.ValidateNavigationBar" name="basePageNavigation" time="0.044"/>
</testsuite> <!-- Default test -->
