<?xml version="1.0" encoding="UTF-8"?>
<!-- Generated by org.testng.reporters.JUnitXMLReporter -->
<testsuite hostname="DESKTOP-UA9EHV9" failures="1" tests="1" name="validating title in the page" time="19.408" errors="0" timestamp="24 Feb 2022 16:39:01 GMT">
  <testcase classname="Academy.ValidateTitle" name="basePageNavigation" time="0.051">
    <failure type="org.junit.ComparisonFailure" message="expected:&amp;lt;FEATURED COURSES[]&amp;gt; but was:&amp;lt;FEATURED COURSES[123]&amp;gt;">
      <![CDATA[org.junit.ComparisonFailure: expected:<FEATURED COURSES[]> but was:<FEATURED COURSES[123]>
	at org.junit.Assert.assertEquals(Assert.java:115)
	at org.junit.Assert.assertEquals(Assert.java:144)
	at Academy.ValidateTitle.basePageNavigation(ValidateTitle.java:34)
... Removed 24 stack frames]]>
    </failure>
  </testcase> <!-- basePageNavigation -->
</testsuite> <!-- validating title in the page -->
