<?xml version="1.0" encoding="UTF-8"?>
<!-- Generated by org.testng.reporters.JUnitXMLReporter -->
<testsuite hostname="DESKTOP-UA9EHV9" name="Test" tests="4" failures="0" timestamp="24 Feb 2022 04:31:34 GMT" time="20.413" errors="0">
  <testcase name="basePageNavigation" time="0.076" classname="Academy.ValidateNavigationBar"/>
  <testcase name="basePageNavigation" time="0.055" classname="Academy.ValidateTitle"/>
  <testcase name="basePageNavigation" time="6.334" classname="Academy.HomePage"/>
  <testcase name="basePageNavigation" time="2.282" classname="Academy.HomePage"/>
</testsuite> <!-- Test -->
