<?xml version="1.0" encoding="UTF-8"?>
<testng-results skipped="0" failed="0" total="4" passed="4">
  <reporter-output>
  </reporter-output>
  <suite name="Suite" duration-ms="20413" started-at="2022-02-24T04:31:14Z" finished-at="2022-02-24T04:31:34Z">
    <groups>
    </groups>
    <test name="Test" duration-ms="20413" started-at="2022-02-24T04:31:14Z" finished-at="2022-02-24T04:31:34Z">
      <class name="Academy.ValidateTitle">
        <test-method status="PASS" signature="basePageNavigation()[pri:0, instance:Academy.ValidateTitle@6dbb137d]" name="basePageNavigation" duration-ms="55" started-at="2022-02-23T23:31:25Z" finished-at="2022-02-23T23:31:25Z">
          <reporter-output>
          </reporter-output>
        </test-method> <!-- basePageNavigation -->
      </class> <!-- Academy.ValidateTitle -->
      <class name="Academy.HomePage">
        <test-method status="PASS" signature="intialize()[pri:0, instance:Academy.HomePage@318ba8c8]" name="intialize" is-config="true" duration-ms="1537" started-at="2022-02-23T23:31:14Z" finished-at="2022-02-23T23:31:15Z">
          <reporter-output>
          </reporter-output>
        </test-method> <!-- intialize -->
        <test-method status="PASS" signature="intialize()[pri:0, instance:Academy.ValidateNavigationBar@2ddc8ecb]" name="intialize" is-config="true" duration-ms="4938" started-at="2022-02-23T23:31:15Z" finished-at="2022-02-23T23:31:20Z">
          <reporter-output>
          </reporter-output>
        </test-method> <!-- intialize -->
        <test-method status="PASS" signature="intialize()[pri:0, instance:Academy.ValidateTitle@6dbb137d]" name="intialize" is-config="true" duration-ms="4878" started-at="2022-02-23T23:31:20Z" finished-at="2022-02-23T23:31:25Z">
          <reporter-output>
          </reporter-output>
        </test-method> <!-- intialize -->
        <test-method status="PASS" signature="basePageNavigation(java.lang.String, java.lang.String, java.lang.String)[pri:0, instance:Academy.HomePage@318ba8c8]" name="basePageNavigation" duration-ms="6334" started-at="2022-02-23T23:31:25Z" data-provider="getData" finished-at="2022-02-23T23:31:32Z">
          <params>
            <param index="0">
              <value>
                <![CDATA[nonrestricteduser@qw.com]]>
              </value>
            </param>
            <param index="1">
              <value>
                <![CDATA[123456789]]>
              </value>
            </param>
            <param index="2">
              <value>
                <![CDATA[NON-Restricted Data]]>
              </value>
            </param>
          </params>
          <reporter-output>
          </reporter-output>
        </test-method> <!-- basePageNavigation -->
        <test-method status="PASS" signature="basePageNavigation(java.lang.String, java.lang.String, java.lang.String)[pri:0, instance:Academy.HomePage@318ba8c8]" name="basePageNavigation" duration-ms="2282" started-at="2022-02-23T23:31:32Z" data-provider="getData" finished-at="2022-02-23T23:31:34Z">
          <params>
            <param index="0">
              <value>
                <![CDATA[restricteduser@qw.com]]>
              </value>
            </param>
            <param index="1">
              <value>
                <![CDATA[234567890]]>
              </value>
            </param>
            <param index="2">
              <value>
                <![CDATA[Restricted Data]]>
              </value>
            </param>
          </params>
          <reporter-output>
          </reporter-output>
        </test-method> <!-- basePageNavigation -->
        <test-method status="PASS" signature="teardown()[pri:0, instance:Academy.HomePage@318ba8c8]" name="teardown" is-config="true" duration-ms="74" started-at="2022-02-23T23:31:34Z" finished-at="2022-02-23T23:31:34Z">
          <reporter-output>
          </reporter-output>
        </test-method> <!-- teardown -->
        <test-method status="PASS" signature="teardown()[pri:0, instance:Academy.ValidateNavigationBar@2ddc8ecb]" name="teardown" is-config="true" duration-ms="106" started-at="2022-02-23T23:31:34Z" finished-at="2022-02-23T23:31:34Z">
          <reporter-output>
          </reporter-output>
        </test-method> <!-- teardown -->
        <test-method status="PASS" signature="teardown()[pri:0, instance:Academy.ValidateTitle@6dbb137d]" name="teardown" is-config="true" duration-ms="119" started-at="2022-02-23T23:31:34Z" finished-at="2022-02-23T23:31:34Z">
          <reporter-output>
          </reporter-output>
        </test-method> <!-- teardown -->
      </class> <!-- Academy.HomePage -->
      <class name="Academy.ValidateNavigationBar">
        <test-method status="PASS" signature="basePageNavigation()[pri:0, instance:Academy.ValidateNavigationBar@2ddc8ecb]" name="basePageNavigation" duration-ms="76" started-at="2022-02-23T23:31:25Z" finished-at="2022-02-23T23:31:25Z">
          <reporter-output>
          </reporter-output>
        </test-method> <!-- basePageNavigation -->
      </class> <!-- Academy.ValidateNavigationBar -->
    </test> <!-- Test -->
  </suite> <!-- Suite -->
</testng-results>
