<?xml version="1.0" encoding="UTF-8"?>
<testng-results total="4" passed="3" failed="1" skipped="0">
  <reporter-output>
  </reporter-output>
  <suite started-at="2022-02-24T16:38:31Z" name="Suite" finished-at="2022-02-24T16:39:15Z" duration-ms="43543">
    <groups>
    </groups>
    <test started-at="2022-02-24T16:38:31Z" name="App Test" finished-at="2022-02-24T16:38:31Z" duration-ms="6">
    </test> <!-- App Test -->
    <test started-at="2022-02-24T16:38:32Z" name="validating NavigationBar in the page" finished-at="2022-02-24T16:38:41Z" duration-ms="9408">
      <class name="Academy.ValidateNavigationBar">
        <test-method is-config="true" signature="intialize()[pri:0, instance:Academy.ValidateNavigationBar@39ab59f8]" started-at="2022-02-24T11:38:32Z" name="intialize" finished-at="2022-02-24T11:38:41Z" duration-ms="9254" status="PASS">
          <reporter-output>
          </reporter-output>
        </test-method> <!-- intialize -->
        <test-method signature="basePageNavigation()[pri:0, instance:Academy.ValidateNavigationBar@39ab59f8]" started-at="2022-02-24T11:38:41Z" name="basePageNavigation" finished-at="2022-02-24T11:38:41Z" duration-ms="65" status="PASS">
          <reporter-output>
          </reporter-output>
        </test-method> <!-- basePageNavigation -->
        <test-method is-config="true" signature="teardown()[pri:0, instance:Academy.ValidateNavigationBar@39ab59f8]" started-at="2022-02-24T11:38:41Z" name="teardown" finished-at="2022-02-24T11:38:41Z" duration-ms="77" status="PASS">
          <reporter-output>
          </reporter-output>
        </test-method> <!-- teardown -->
      </class> <!-- Academy.ValidateNavigationBar -->
    </test> <!-- validating NavigationBar in the page -->
    <test started-at="2022-02-24T16:38:41Z" name="validating title in the page" finished-at="2022-02-24T16:39:01Z" duration-ms="19408">
      <class name="Academy.ValidateTitle">
        <test-method is-config="true" signature="intialize()[pri:0, instance:Academy.ValidateTitle@323659f8]" started-at="2022-02-24T11:38:41Z" name="intialize" finished-at="2022-02-24T11:39:00Z" duration-ms="18841" status="PASS">
          <reporter-output>
          </reporter-output>
        </test-method> <!-- intialize -->
        <test-method signature="basePageNavigation()[pri:0, instance:Academy.ValidateTitle@323659f8]" started-at="2022-02-24T11:39:00Z" name="basePageNavigation" finished-at="2022-02-24T11:39:00Z" duration-ms="51" status="FAIL">
          <exception class="org.junit.ComparisonFailure">
            <message>
              <![CDATA[expected:<FEATURED COURSES[]> but was:<FEATURED COURSES[123]>]]>
            </message>
            <full-stacktrace>
              <![CDATA[org.junit.ComparisonFailure: expected:<FEATURED COURSES[]> but was:<FEATURED COURSES[123]>
	at org.junit.Assert.assertEquals(Assert.java:115)
	at org.junit.Assert.assertEquals(Assert.java:144)
	at Academy.ValidateTitle.basePageNavigation(ValidateTitle.java:34)
	at java.base/jdk.internal.reflect.NativeMethodAccessorImpl.invoke0(Native Method)
	at java.base/jdk.internal.reflect.NativeMethodAccessorImpl.invoke(NativeMethodAccessorImpl.java:77)
	at java.base/jdk.internal.reflect.DelegatingMethodAccessorImpl.invoke(DelegatingMethodAccessorImpl.java:43)
	at java.base/java.lang.reflect.Method.invoke(Method.java:568)
	at org.testng.internal.MethodInvocationHelper.invokeMethod(MethodInvocationHelper.java:80)
	at org.testng.internal.Invoker.invokeMethod(Invoker.java:714)
	at org.testng.internal.Invoker.invokeTestMethod(Invoker.java:901)
	at org.testng.internal.Invoker.invokeTestMethods(Invoker.java:1231)
	at org.testng.internal.TestMethodWorker.invokeTestMethods(TestMethodWorker.java:127)
	at org.testng.internal.TestMethodWorker.run(TestMethodWorker.java:111)
	at org.testng.TestRunner.privateRun(TestRunner.java:767)
	at org.testng.TestRunner.run(TestRunner.java:617)
	at org.testng.SuiteRunner.runTest(SuiteRunner.java:334)
	at org.testng.SuiteRunner.runSequentially(SuiteRunner.java:329)
	at org.testng.SuiteRunner.privateRun(SuiteRunner.java:291)
	at org.testng.SuiteRunner.run(SuiteRunner.java:240)
	at org.testng.SuiteRunnerWorker.runSuite(SuiteRunnerWorker.java:52)
	at org.testng.SuiteRunnerWorker.run(SuiteRunnerWorker.java:86)
	at org.testng.TestNG.runSuitesSequentially(TestNG.java:1198)
	at org.testng.TestNG.runSuitesLocally(TestNG.java:1123)
	at org.testng.TestNG.run(TestNG.java:1031)
	at org.testng.remote.AbstractRemoteTestNG.run(AbstractRemoteTestNG.java:115)
	at org.testng.remote.RemoteTestNG.initAndRun(RemoteTestNG.java:251)
	at org.testng.remote.RemoteTestNG.main(RemoteTestNG.java:77)
]]>
            </full-stacktrace>
          </exception> <!-- org.junit.ComparisonFailure -->
          <reporter-output>
          </reporter-output>
        </test-method> <!-- basePageNavigation -->
        <test-method is-config="true" signature="teardown()[pri:0, instance:Academy.ValidateTitle@323659f8]" started-at="2022-02-24T11:39:01Z" name="teardown" finished-at="2022-02-24T11:39:01Z" duration-ms="66" status="PASS">
          <reporter-output>
          </reporter-output>
        </test-method> <!-- teardown -->
      </class> <!-- Academy.ValidateTitle -->
    </test> <!-- validating title in the page -->
    <test started-at="2022-02-24T16:39:01Z" name="validating Home Page" finished-at="2022-02-24T16:39:15Z" duration-ms="14350">
      <class name="Academy.HomePage">
        <test-method is-config="true" signature="intialize()[pri:0, instance:Academy.HomePage@2228db21]" started-at="2022-02-24T11:39:01Z" name="intialize" finished-at="2022-02-24T11:39:02Z" duration-ms="966" status="PASS">
          <reporter-output>
          </reporter-output>
        </test-method> <!-- intialize -->
        <test-method signature="basePageNavigation(java.lang.String, java.lang.String, java.lang.String)[pri:0, instance:Academy.HomePage@2228db21]" started-at="2022-02-24T11:39:02Z" name="basePageNavigation" data-provider="getData" finished-at="2022-02-24T11:39:13Z" duration-ms="11106" status="PASS">
          <params>
            <param index="0">
              <value>
                <![CDATA[nonrestricteduser@qw.com]]>
              </value>
            </param>
            <param index="1">
              <value>
                <![CDATA[123456789]]>
              </value>
            </param>
            <param index="2">
              <value>
                <![CDATA[NON-Restricted Data]]>
              </value>
            </param>
          </params>
          <reporter-output>
          </reporter-output>
        </test-method> <!-- basePageNavigation -->
        <test-method signature="basePageNavigation(java.lang.String, java.lang.String, java.lang.String)[pri:0, instance:Academy.HomePage@2228db21]" started-at="2022-02-24T11:39:13Z" name="basePageNavigation" data-provider="getData" finished-at="2022-02-24T11:39:15Z" duration-ms="2210" status="PASS">
          <params>
            <param index="0">
              <value>
                <![CDATA[restricteduser@qw.com]]>
              </value>
            </param>
            <param index="1">
              <value>
                <![CDATA[234567890]]>
              </value>
            </param>
            <param index="2">
              <value>
                <![CDATA[Restricted Data]]>
              </value>
            </param>
          </params>
          <reporter-output>
          </reporter-output>
        </test-method> <!-- basePageNavigation -->
        <test-method is-config="true" signature="teardown()[pri:0, instance:Academy.HomePage@2228db21]" started-at="2022-02-24T11:39:15Z" name="teardown" finished-at="2022-02-24T11:39:15Z" duration-ms="63" status="PASS">
          <reporter-output>
          </reporter-output>
        </test-method> <!-- teardown -->
      </class> <!-- Academy.HomePage -->
    </test> <!-- validating Home Page -->
  </suite> <!-- Suite -->
</testng-results>
